<?xml version="1.0" encoding="UTF-8"?>
<!-- Generated by org.testng.reporters.JUnitReportReporter -->
<testsuite skipped="0" hostname="SML-0687" name="getRequest.GetData" tests="2" failures="0" timestamp="19 Apr 2018 12:47:58 GMT" time="2.885" errors="0">
  <testcase name="testbody" time="0.669" classname="getRequest.GetData"/>
  <testcase name="testResponsCode" time="2.216" classname="getRequest.GetData"/>
</testsuite> <!-- getRequest.GetData -->
