<?xml version="1.0" encoding="UTF-8"?>
<!-- Generated by org.testng.reporters.JUnitReportReporter -->
<testsuite hostname="SML-0687" name="seleniumPratice.ScreenshotCapture" tests="1" failures="0" timestamp="10 Jan 2018 09:18:35 GMT" time="10.077" errors="0">
  <testcase name="CaptureScreenshot" time="10.077" classname="seleniumPratice.ScreenshotCapture"/>
</testsuite> <!-- seleniumPratice.ScreenshotCapture -->
