<?xml version="1.0" encoding="UTF-8"?>
<!-- Generated by org.testng.reporters.JUnitReportReporter -->
<testsuite hostname="SML-0687" name="seleniumPratice.CaptureScreenshots" tests="1" failures="0" timestamp="10 Jan 2018 09:38:43 GMT" time="9.876" errors="0">
  <testcase name="Capture_Screenshot" time="9.876" classname="seleniumPratice.CaptureScreenshots"/>
</testsuite> <!-- seleniumPratice.CaptureScreenshots -->
