<?xml version="1.0" encoding="UTF-8"?>
<!-- Generated by org.testng.reporters.JUnitReportReporter -->
<testsuite skipped="0" hostname="SML-0687" name="seleniumPratice.SoftAsserstions" tests="1" failures="0" timestamp="07 Oct 2018 14:20:27 GMT" time="0.012" errors="0">
  <testcase name="testException" time="0.012" classname="seleniumPratice.SoftAsserstions"/>
</testsuite> <!-- seleniumPratice.SoftAsserstions -->
