<?xml version="1.0" encoding="UTF-8"?>
<!-- Generated by org.testng.reporters.JUnitReportReporter -->
<testsuite hostname="SML-0687" name="com.wordpress.pages.VerifyLoginPage" tests="1" failures="0" timestamp="23 Jan 2018 10:50:26 GMT" time="12.321" errors="0">
  <testcase name="verifyValidPage" time="12.321" classname="com.wordpress.pages.VerifyLoginPage"/>
</testsuite> <!-- com.wordpress.pages.VerifyLoginPage -->
