<?xml version="1.0" encoding="UTF-8"?>
<!-- Generated by org.testng.reporters.JUnitReportReporter -->
<testsuite hostname="SML-0687" name="com.wordpress.pages.Normal.VerifyLogin" tests="1" failures="0" timestamp="23 Jan 2018 11:51:20 GMT" time="11.778" errors="0">
  <testcase name="VerifyToLogin" time="11.778" classname="com.wordpress.pages.Normal.VerifyLogin"/>
</testsuite> <!-- com.wordpress.pages.Normal.VerifyLogin -->
