<?xml version="1.0" encoding="UTF-8"?>
<!-- Generated by org.testng.reporters.JUnitReportReporter -->
<testsuite hostname="SML-0687" name="ConfigurationDemo.TestSeleniuminChrome" tests="1" failures="0" timestamp="22 Jan 2018 12:21:42 GMT" time="12.720" errors="0">
  <testcase name="ChromeTest" time="12.720" classname="ConfigurationDemo.TestSeleniuminChrome"/>
</testsuite> <!-- ConfigurationDemo.TestSeleniuminChrome -->
