<?xml version="1.0" encoding="UTF-8"?>
<!-- Generated by org.testng.reporters.JUnitReportReporter -->
<testsuite hostname="SML-0687" name="ConfigurationDemo.TestSeleniumConfig" tests="1" failures="0" timestamp="22 Jan 2018 11:54:34 GMT" time="0.020" errors="0">
  <testcase name="TestConfig" time="0.020" classname="ConfigurationDemo.TestSeleniumConfig"/>
</testsuite> <!-- ConfigurationDemo.TestSeleniumConfig -->
