<?xml version="1.0" encoding="UTF-8"?>
<!-- Generated by org.testng.reporters.JUnitReportReporter -->
<testsuite hostname="SML-0687" name="ConfigurationDemo.TestSeleniumDemo" tests="1" failures="0" timestamp="22 Jan 2018 12:37:59 GMT" time="9.592" errors="0">
  <testcase name="ChromeTest" time="9.592" classname="ConfigurationDemo.TestSeleniumDemo"/>
</testsuite> <!-- ConfigurationDemo.TestSeleniumDemo -->
