<?xml version="1.0" encoding="UTF-8"?>
<!-- Generated by org.testng.reporters.JUnitReportReporter -->
<testsuite hostname="SML-0687" name="com.wordpress.pages.VerifyLogin" tests="1" failures="0" timestamp="23 Jan 2018 11:09:06 GMT" time="12.429" errors="0">
  <testcase name="VerifyToLogin" time="12.429" classname="com.wordpress.pages.VerifyLogin"/>
</testsuite> <!-- com.wordpress.pages.VerifyLogin -->
